This is pdfTeX, Version 3.141592653-2.6-1.40.22 (TeX Live 2021) (preloaded format=pdflatex 2021.4.20)  25 APR 2021 09:20
entering extended mode
 restricted \write18 enabled.
 %&-line parsing enabled.
**/private/var/folders/6g/l7f_glf96z96b4yghtvsytj80000gn/T/Rtmpkk85uT/file7efa2
699ec0b.tex

(/private/var/folders/6g/l7f_glf96z96b4yghtvsytj80000gn/T/Rtmpkk85uT/file7efa26
99ec0b.tex
LaTeX2e <2020-10-01> patch level 4
L3 programming layer <2021-02-18>

! LaTeX Error: Missing \begin{document}.

See the LaTeX manual or LaTeX Companion for explanation.
Type  H <return>  for immediate help.
 ...                                              
                                                  
l.2 \begin
          {block}{Problematique : Quels sont les facteurs qui influencent le 
Here is how much of TeX's memory you used:
 18 strings out of 480954
 754 string characters out of 5906449
 278000 words of memory out of 5000000
 17349 multiletter control sequences out of 15000+600000
 403430 words of font info for 27 fonts, out of 8000000 for 9000
 14 hyphenation exceptions out of 8191
 13i,0n,15p,163b,20s stack positions out of 5000i,500n,10000p,200000b,80000s

!  ==> Fatal error occurred, no output PDF file produced!
